Using pre-set license
Built from '2020.2/staging' branch; Version is '2020.2.3f1 (8ff31bc5bf5b) revision 9433883'; Using compiler version '192528614'; Build Type 'Release'
OS: 'Windows 7  (6.1.0) 64bit' Language: 'en' Physical Memory: 8107 MB
BatchMode: 1, IsHumanControllingUs: 0, StartBugReporterOnCrash: 0, Is64bit: 1, IsPro: 0

 COMMAND LINE ARGUMENTS:
C:\Program Files\Unity\2020.2.3f1\Editor\Unity.exe
-adb2
-batchMode
-noUpm
-name
AssetImportWorker0
-projectPath
D:/Unity project references/TimeAndFramerateManagementExamples
-logFile
Logs/AssetImportWorker0.log
-srvPort
62648
Successfully changed project path to: D:/Unity project references/TimeAndFramerateManagementExamples
D:/Unity project references/TimeAndFramerateManagementExamples
Using Asset Import Pipeline V2.
Refreshing native plugins compatible for Editor in 45.83 ms, found 0 plugins.
Preloading 0 native plugins for Editor in 0.00 ms.
Initialize engine version: 2020.2.3f1 (8ff31bc5bf5b)
[Subsystems] Discovering subsystems at path C:/Program Files/Unity/2020.2.3f1/Editor/Data/Resources/UnitySubsystems
[Subsystems] Discovering subsystems at path D:/Unity project references/TimeAndFramerateManagementExamples/Assets
GfxDevice: creating device client; threaded=0
d3d11: CreateDXGIFactory2(...) not found, fallbacking to CreateDXGIFactory1(...).
d3d11: QueryInterface(IDXGIFactory5) failed (80004002).
Direct3D:
    Version:  Direct3D 11.0 [level 10.1]
    Renderer: Intel(R) HD Graphics 3000 (ID=0x116)
    Vendor:   
    VRAM:     1632 MB
    Driver:   8.15.10.2653
Could not load symbol clCreateImage : The specified procedure could not be found.


Could not load symbol clEnqueueFillBuffer : The specified procedure could not be found.


Could not load symbol clEnqueueFillImage : The specified procedure could not be found.


Could not load symbol clEnqueueMarkerWithWaitList : The specified procedure could not be found.


Could not load symbol clGetExtensionFunctionAddressForPlatform : The specified procedure could not be found.


Could not load symbol clUnloadPlatformCompiler : The specified procedure could not be found.


Could not load symbol clCreateFromGLTexture : The specified procedure could not be found.


Initialize mono
Mono path[0] = 'C:/Program Files/Unity/2020.2.3f1/Editor/Data/Managed'
Mono path[1] = 'C:/Program Files/Unity/2020.2.3f1/Editor/Data/MonoBleedingEdge/lib/mono/unityjit'
Mono config path = 'C:/Program Files/Unity/2020.2.3f1/Editor/Data/MonoBleedingEdge/etc'
Using monoOptions --debugger-agent=transport=dt_socket,embedding=1,server=y,suspend=n,address=127.0.0.1:56908
Begin MonoManager ReloadAssembly
Registering precompiled unity dll's ...
Register platform support module: C:/Program Files/Unity/2020.2.3f1/Editor/Data/PlaybackEngines/WindowsStandaloneSupport/UnityEditor.WindowsStandalone.Extensions.dll
Registered in 0.003313 seconds.
Native extension for WindowsStandalone target not found
Refreshing native plugins compatible for Editor in 48.08 ms, found 0 plugins.
Preloading 0 native plugins for Editor in 0.00 ms.
Invoked RoslynAnalysisRunner static constructor.
RoslynAnalysisRunner will not be running.
RoslynAnalysisRunner has terminated.
Mono: successfully reloaded assembly
- Completed reload, in  3.926 seconds
Platform modules already initialized, skipping
Registering precompiled user dll's ...
Registered in 0.001251 seconds.
Begin MonoManager ReloadAssembly
Native extension for WindowsStandalone target not found
Refreshing native plugins compatible for Editor in 0.44 ms, found 0 plugins.
Preloading 0 native plugins for Editor in 0.00 ms.
Invoked RoslynAnalysisRunner static constructor.
RoslynAnalysisRunner will not be running.
RoslynAnalysisRunner has terminated.
Mono: successfully reloaded assembly
- Completed reload, in  1.579 seconds
Platform modules already initialized, skipping
========================================================================
Worker process is ready to serve import requests
Launched and connected shader compiler UnityShaderCompiler.exe after 0.07 seconds
Refreshing native plugins compatible for Editor in 0.35 ms, found 0 plugins.
Preloading 0 native plugins for Editor in 0.00 ms.
Unloading 1102 Unused Serialized files (Serialized files now loaded: 0)
System memory in use before: 56.8 MB.
System memory in use after: 56.8 MB.

Unloading 10 unused Assets to reduce memory usage. Loaded Objects now: 1543.
Total: 2.692037 ms (FindLiveObjects: 0.165993 ms CreateObjectMapping: 0.069610 ms MarkObjects: 2.318552 ms  DeleteObjects: 0.136097 ms)

========================================================================
Received Import Request.
  path: Assets/Scripts/NewBehaviourScript.cs
  artifactKey: Guid(c9df87738e6a2f74faebc075115faf43) Importer(815301076,1909f56bfc062723c751e8b465ee728b)
Start importing Assets/Scripts/NewBehaviourScript.cs using Guid(c9df87738e6a2f74faebc075115faf43) Importer(815301076,1909f56bfc062723c751e8b465ee728b)  -> (artifact id: '02ec963062ff41f0510071dd9486ad37') in 0.255474 seconds
  Import took 0.258466 seconds .

========================================================================
Received Import Request.
  Time since last request: 17.699716 seconds.
  path: Assets/Scripts/TimeDeltaTime.cs
  artifactKey: Guid(c9df87738e6a2f74faebc075115faf43) Importer(815301076,1909f56bfc062723c751e8b465ee728b)
Start importing Assets/Scripts/TimeDeltaTime.cs using Guid(c9df87738e6a2f74faebc075115faf43) Importer(815301076,1909f56bfc062723c751e8b465ee728b)  -> (artifact id: '7d8f0b4c98cd9581999b87fbcc5a529d') in 0.006543 seconds
  Import took 0.015056 seconds .

========================================================================
Received Prepare
Registering precompiled user dll's ...
Registered in 0.001283 seconds.
Begin MonoManager ReloadAssembly
Native extension for WindowsStandalone target not found
Refreshing native plugins compatible for Editor in 0.37 ms, found 0 plugins.
Preloading 0 native plugins for Editor in 0.00 ms.
Invoked RoslynAnalysisRunner static constructor.
RoslynAnalysisRunner will not be running.
RoslynAnalysisRunner has terminated.
Mono: successfully reloaded assembly
- Completed reload, in  1.865 seconds
Platform modules already initialized, skipping
Refreshing native plugins compatible for Editor in 0.35 ms, found 0 plugins.
Preloading 0 native plugins for Editor in 0.00 ms.
Unloading 1097 Unused Serialized files (Serialized files now loaded: 0)
System memory in use before: 56.7 MB.
System memory in use after: 56.8 MB.

Unloading 5 unused Assets to reduce memory usage. Loaded Objects now: 1545.
Total: 2.779496 ms (FindLiveObjects: 0.186073 ms CreateObjectMapping: 0.077642 ms MarkObjects: 2.421628 ms  DeleteObjects: 0.091921 ms)

========================================================================
Received Import Request.
  Time since last request: 368.892169 seconds.
  path: Assets/Scripts/TimeDeltaTime.cs
  artifactKey: Guid(c9df87738e6a2f74faebc075115faf43) Importer(815301076,1909f56bfc062723c751e8b465ee728b)
Start importing Assets/Scripts/TimeDeltaTime.cs using Guid(c9df87738e6a2f74faebc075115faf43) Importer(815301076,1909f56bfc062723c751e8b465ee728b)  -> (artifact id: '878e95df600eb4ec82ca2b4efbcbdc79') in 0.019307 seconds
  Import took 0.043325 seconds .

========================================================================
Received Prepare
Registering precompiled user dll's ...
Registered in 0.001018 seconds.
Begin MonoManager ReloadAssembly
Native extension for WindowsStandalone target not found
Refreshing native plugins compatible for Editor in 0.36 ms, found 0 plugins.
Preloading 0 native plugins for Editor in 0.00 ms.
Invoked RoslynAnalysisRunner static constructor.
RoslynAnalysisRunner will not be running.
RoslynAnalysisRunner has terminated.
Mono: successfully reloaded assembly
- Completed reload, in  1.839 seconds
Platform modules already initialized, skipping
Refreshing native plugins compatible for Editor in 0.35 ms, found 0 plugins.
Preloading 0 native plugins for Editor in 0.00 ms.
Unloading 1097 Unused Serialized files (Serialized files now loaded: 0)
System memory in use before: 56.7 MB.
System memory in use after: 56.8 MB.

Unloading 5 unused Assets to reduce memory usage. Loaded Objects now: 1547.
Total: 2.648307 ms (FindLiveObjects: 0.174471 ms CreateObjectMapping: 0.062917 ms MarkObjects: 2.328369 ms  DeleteObjects: 0.080319 ms)

========================================================================
Received Import Request.
  Time since last request: 55.442773 seconds.
  path: Assets/Scripts/TimeDeltaTime.cs
  artifactKey: Guid(c9df87738e6a2f74faebc075115faf43) Importer(815301076,1909f56bfc062723c751e8b465ee728b)
Start importing Assets/Scripts/TimeDeltaTime.cs using Guid(c9df87738e6a2f74faebc075115faf43) Importer(815301076,1909f56bfc062723c751e8b465ee728b)  -> (artifact id: 'cbcdd3901185ceed1b5563f969855541') in 0.022297 seconds
  Import took 0.027711 seconds .

========================================================================
Received Prepare
Registering precompiled user dll's ...
Registered in 0.001435 seconds.
Begin MonoManager ReloadAssembly
Native extension for WindowsStandalone target not found
Refreshing native plugins compatible for Editor in 0.49 ms, found 0 plugins.
Preloading 0 native plugins for Editor in 0.00 ms.
Invoked RoslynAnalysisRunner static constructor.
RoslynAnalysisRunner will not be running.
RoslynAnalysisRunner has terminated.
Mono: successfully reloaded assembly
- Completed reload, in  2.043 seconds
Platform modules already initialized, skipping
Refreshing native plugins compatible for Editor in 0.52 ms, found 0 plugins.
Preloading 0 native plugins for Editor in 0.00 ms.
Unloading 1097 Unused Serialized files (Serialized files now loaded: 0)
System memory in use before: 56.7 MB.
System memory in use after: 56.8 MB.

Unloading 5 unused Assets to reduce memory usage. Loaded Objects now: 1549.
Total: 4.017752 ms (FindLiveObjects: 0.295397 ms CreateObjectMapping: 0.084782 ms MarkObjects: 3.522003 ms  DeleteObjects: 0.112001 ms)

========================================================================
Received Prepare
Registering precompiled user dll's ...
Registered in 0.001560 seconds.
Begin MonoManager ReloadAssembly
Native extension for WindowsStandalone target not found
Refreshing native plugins compatible for Editor in 0.36 ms, found 0 plugins.
Preloading 0 native plugins for Editor in 0.00 ms.
Invoked RoslynAnalysisRunner static constructor.
RoslynAnalysisRunner will not be running.
RoslynAnalysisRunner has terminated.
Mono: successfully reloaded assembly
- Completed reload, in  2.077 seconds
Platform modules already initialized, skipping
Refreshing native plugins compatible for Editor in 0.36 ms, found 0 plugins.
Preloading 0 native plugins for Editor in 0.00 ms.
Unloading 1097 Unused Serialized files (Serialized files now loaded: 0)
System memory in use before: 56.8 MB.
System memory in use after: 56.8 MB.

Unloading 5 unused Assets to reduce memory usage. Loaded Objects now: 1551.
Total: 3.915122 ms (FindLiveObjects: 0.261484 ms CreateObjectMapping: 0.092367 ms MarkObjects: 3.425174 ms  DeleteObjects: 0.133419 ms)

========================================================================
Received Prepare
Registering precompiled user dll's ...
Registered in 0.002309 seconds.
Begin MonoManager ReloadAssembly
Native extension for WindowsStandalone target not found
Refreshing native plugins compatible for Editor in 0.49 ms, found 0 plugins.
Preloading 0 native plugins for Editor in 0.00 ms.
Invoked RoslynAnalysisRunner static constructor.
RoslynAnalysisRunner will not be running.
RoslynAnalysisRunner has terminated.
Mono: successfully reloaded assembly
- Completed reload, in  2.350 seconds
Platform modules already initialized, skipping
Refreshing native plugins compatible for Editor in 0.48 ms, found 0 plugins.
Preloading 0 native plugins for Editor in 0.00 ms.
Unloading 1097 Unused Serialized files (Serialized files now loaded: 0)
System memory in use before: 56.8 MB.
System memory in use after: 56.8 MB.

Unloading 5 unused Assets to reduce memory usage. Loaded Objects now: 1553.
Total: 3.141379 ms (FindLiveObjects: 0.282903 ms CreateObjectMapping: 0.078981 ms MarkObjects: 2.668834 ms  DeleteObjects: 0.107985 ms)

========================================================================
Received Prepare
Registering precompiled user dll's ...
Registered in 0.001130 seconds.
Begin MonoManager ReloadAssembly
Native extension for WindowsStandalone target not found
Refreshing native plugins compatible for Editor in 0.36 ms, found 0 plugins.
Preloading 0 native plugins for Editor in 0.00 ms.
Invoked RoslynAnalysisRunner static constructor.
RoslynAnalysisRunner will not be running.
RoslynAnalysisRunner has terminated.
Mono: successfully reloaded assembly
- Completed reload, in  1.716 seconds
Platform modules already initialized, skipping
Refreshing native plugins compatible for Editor in 0.36 ms, found 0 plugins.
Preloading 0 native plugins for Editor in 0.00 ms.
Unloading 1097 Unused Serialized files (Serialized files now loaded: 0)
System memory in use before: 56.8 MB.
System memory in use after: 56.8 MB.

Unloading 5 unused Assets to reduce memory usage. Loaded Objects now: 1555.
Total: 2.318998 ms (FindLiveObjects: 0.171794 ms CreateObjectMapping: 0.061132 ms MarkObjects: 2.003522 ms  DeleteObjects: 0.080766 ms)

========================================================================
Received Prepare
Registering precompiled user dll's ...
Registered in 0.001073 seconds.
Begin MonoManager ReloadAssembly
Native extension for WindowsStandalone target not found
Refreshing native plugins compatible for Editor in 0.59 ms, found 0 plugins.
Preloading 0 native plugins for Editor in 0.00 ms.
Invoked RoslynAnalysisRunner static constructor.
RoslynAnalysisRunner will not be running.
RoslynAnalysisRunner has terminated.
Mono: successfully reloaded assembly
- Completed reload, in  1.545 seconds
Platform modules already initialized, skipping
Refreshing native plugins compatible for Editor in 0.35 ms, found 0 plugins.
Preloading 0 native plugins for Editor in 0.00 ms.
Unloading 1097 Unused Serialized files (Serialized files now loaded: 0)
System memory in use before: 56.8 MB.
System memory in use after: 56.8 MB.

Unloading 5 unused Assets to reduce memory usage. Loaded Objects now: 1557.
Total: 2.443493 ms (FindLiveObjects: 0.179826 ms CreateObjectMapping: 0.078981 ms MarkObjects: 2.099905 ms  DeleteObjects: 0.082997 ms)

